<?xml version="1.0" encoding="UTF-8"?>
<testng-results ignored="0" total="2" passed="2" failed="0" skipped="0">
  <reporter-output>
  </reporter-output>
  <suite started-at="2021-07-08T18:49:19 IST" name="Suite" finished-at="2021-07-08T18:49:54 IST" duration-ms="35112">
    <groups>
    </groups>
    <test started-at="2021-07-08T18:49:19 IST" name="Test" finished-at="2021-07-08T18:49:34 IST" duration-ms="15025">
      <class name="POM.loginpage">
        <test-method is-config="true" signature="launchbrower()[pri:0, instance:POM.loginpage@11bd0f3b]" started-at="2021-07-08T18:49:19 IST" name="launchbrower" finished-at="2021-07-08T18:49:32 IST" duration-ms="13736" status="PASS">
          <reporter-output>
          </reporter-output>
        </test-method> <!-- launchbrower -->
        <test-method signature="login()[pri:0, instance:POM.loginpage@11bd0f3b]" started-at="2021-07-08T18:49:32 IST" name="login" finished-at="2021-07-08T18:49:34 IST" duration-ms="1214" status="PASS">
          <reporter-output>
          </reporter-output>
        </test-method> <!-- login -->
      </class> <!-- POM.loginpage -->
    </test> <!-- Test -->
    <test started-at="2021-07-08T18:49:35 IST" name="Test1" finished-at="2021-07-08T18:49:54 IST" duration-ms="18895">
      <class name="POM.loginpage">
        <test-method is-config="true" signature="launchbrower()[pri:0, instance:POM.loginpage@3059cbc]" started-at="2021-07-08T18:49:35 IST" name="launchbrower" finished-at="2021-07-08T18:49:52 IST" duration-ms="17133" status="PASS">
          <reporter-output>
          </reporter-output>
        </test-method> <!-- launchbrower -->
        <test-method signature="login()[pri:0, instance:POM.loginpage@3059cbc]" started-at="2021-07-08T18:49:52 IST" name="login" finished-at="2021-07-08T18:49:54 IST" duration-ms="1757" status="PASS">
          <reporter-output>
          </reporter-output>
        </test-method> <!-- login -->
      </class> <!-- POM.loginpage -->
    </test> <!-- Test1 -->
  </suite> <!-- Suite -->
</testng-results>
