<?xml version="1.0" encoding="UTF-8"?>
<!-- Generated by org.testng.reporters.JUnitXMLReporter -->
<testsuite ignored="3" hostname="DESKTOP-FPPF7NQ" failures="0" tests="1" name="Regression" time="0.073" errors="0" timestamp="2021-06-28T19:15:07 IST">
  <testcase classname="test.day2" name="method" time="0.012"/>
  <testcase classname="test.day2" name="mock" time="0.0">
    <ignored/>
  </testcase> <!-- mock -->
  <testcase classname="test.day2" name="parameter" time="0.0">
    <ignored/>
  </testcase> <!-- parameter -->
  <testcase classname="test.day2" name="method1" time="0.0">
    <ignored/>
  </testcase> <!-- method1 -->
</testsuite> <!-- Regression -->
